<?xml version="1.0" encoding="utf-8" standalone="no"?>
<test-results xmlns:xsi="http://www.w3.org/2001/XMLSchema-instance" xsi:noNamespaceSchemaLocation="nunit_schema_2.5.xsd" name="Pester" total="3" errors="0" failures="0" not-run="0" inconclusive="0" ignored="0" skipped="0" invalid="0" date="2020-03-28" time="16:45:02">
  <environment user="com3mooresm" machine-name="CGELAP-MAC08" os-version="18.7.0" cwd="/Users/com3mooresm/github/dbaSecurityScan" platform="Darwin" nunit-version="2.5.8.0" user-domain="" clr-version="Unknown" />
  <culture-info current-culture="en-GB" current-uiculture="en-GB" />
  <test-suite type="TestFixture" name="Pester" executed="True" result="Success" success="True" time="4.7999" asserts="0" description="Pester">
    <results>
      <test-suite type="TestFixture" name="/Users/com3mooresm/github/dbaSecurityScan/tests/New-DssUserConfig.Tests.ps1" executed="True" result="Success" success="True" time="4.7999" asserts="0" description="/Users/com3mooresm/github/dbaSecurityScan/tests/New-DssUserConfig.Tests.ps1">
        <results>
          <test-suite type="TestFixture" name="Unit tests for New-DssUserConfig" executed="True" result="Success" success="True" time="0.0257" asserts="0" description="Unit tests for New-DssUserConfig">
            <results>
              <test-case description="New-DssUserConfig Should Exist" name="Unit tests for New-DssUserConfig.New-DssUserConfig Should Exist" time="0.0105" asserts="0" success="True" result="Success" executed="True" />
            </results>
          </test-suite>
          <test-suite type="TestFixture" name="Integration Tests for New-DssUserConfig" executed="True" result="Success" success="True" time="4.757" asserts="0" description="Integration Tests for New-DssUserConfig">
            <results>
              <test-case description="Should have users" name="Integration Tests for New-DssUserConfig.Should have users" time="0.0089" asserts="0" success="True" result="Success" executed="True" />
              <test-case description="Should Test db properly" name="Integration Tests for New-DssUserConfig.Should Test db properly" time="2.4571" asserts="0" success="True" result="Success" executed="True" />
            </results>
          </test-suite>
        </results>
      </test-suite>
    </results>
  </test-suite>
</test-results>