<?xml version="1.0" encoding="utf-8" standalone="no"?>
<test-results xmlns:xsi="http://www.w3.org/2001/XMLSchema-instance" xsi:noNamespaceSchemaLocation="nunit_schema_2.5.xsd" name="Pester" total="1" errors="0" failures="1" not-run="0" inconclusive="0" ignored="0" skipped="0" invalid="0" date="2020-04-04" time="20:56:11">
  <environment cwd="/Users/com3mooresm/github/dbaSecurityScan" os-version="18.7.0" clr-version="Unknown" user="com3mooresm" machine-name="CGELAP-MAC08" user-domain="" nunit-version="2.5.8.0" platform="Darwin" />
  <culture-info current-culture="en-GB" current-uiculture="en-GB" />
  <test-suite type="TestFixture" name="Pester" executed="True" result="Failure" success="False" time="0.074" asserts="0" description="Pester">
    <results>
      <test-suite type="TestFixture" name="/Users/com3mooresm/github/dbaSecurityScan/Tests/New-DssRoleConfig.Tests.ps1" executed="True" result="Failure" success="False" time="0.074" asserts="0" description="/Users/com3mooresm/github/dbaSecurityScan/Tests/New-DssRoleConfig.Tests.ps1">
        <results>
          <test-case description="Error occurred in test script '/Users/com3mooresm/github/dbaSecurityScan/Tests/New-DssRoleConfig.Tests.ps1'" name="Error occurred in test script '/Users/com3mooresm/github/dbaSecurityScan/Tests/New-DssRoleConfig.Tests.ps1'" time="0" asserts="0" success="False" result="Failure" executed="True">
            <failure>
              <message>The term '.ps1' is not recognized as the name of a cmdlet, function, script file, or operable program.
Check the spelling of the name, or if a path was included, verify that the path is correct and try again.</message>
              <stack-trace>at &lt;ScriptBlock&gt;, /Users/com3mooresm/github/dbaSecurityScan/Tests/New-DssRoleConfig.Tests.ps1: line 3</stack-trace>
            </failure>
          </test-case>
        </results>
      </test-suite>
    </results>
  </test-suite>
</test-results>