<?xml version="1.0" encoding="utf-8" standalone="no"?>
<test-results xmlns:xsi="http://www.w3.org/2001/XMLSchema-instance" xsi:noNamespaceSchemaLocation="nunit_schema_2.5.xsd" name="Pester" total="4" errors="0" failures="0" not-run="0" inconclusive="0" ignored="0" skipped="0" invalid="0" date="2020-04-04" time="20:55:34">
  <environment cwd="/Users/com3mooresm/github/dbaSecurityScan" os-version="18.7.0" clr-version="Unknown" user="com3mooresm" machine-name="CGELAP-MAC08" user-domain="" nunit-version="2.5.8.0" platform="Darwin" />
  <culture-info current-culture="en-GB" current-uiculture="en-GB" />
  <test-suite type="TestFixture" name="Pester" executed="True" result="Success" success="True" time="0.3682" asserts="0" description="Pester">
    <results>
      <test-suite type="TestFixture" name="/Users/com3mooresm/github/dbaSecurityScan/Tests/Get-DssConfig.Tests.ps1" executed="True" result="Success" success="True" time="0.3682" asserts="0" description="/Users/com3mooresm/github/dbaSecurityScan/Tests/Get-DssConfig.Tests.ps1">
        <results>
          <test-suite type="TestFixture" name="Unit tests for Get-DssConfig" executed="True" result="Success" success="True" time="0.1714" asserts="0" description="Unit tests for Get-DssConfig">
            <results>
              <test-case description="Get-DssConfig Should Exist" name="Unit tests for Get-DssConfig.Get-DssConfig Should Exist" time="0.0464" asserts="0" success="True" result="Success" executed="True" />
            </results>
          </test-suite>
          <test-suite type="TestFixture" name="Integration tests for Get-DssConfig" executed="True" result="Success" success="True" time="0.1238" asserts="0" description="Integration tests for Get-DssConfig">
            <results>
              <test-case description="File Config Should Exist" name="Integration tests for Get-DssConfig.File Config Should Exist" time="0.0047" asserts="0" success="True" result="Success" executed="True" />
              <test-case description="Should get a Config" name="Integration tests for Get-DssConfig.Should get a Config" time="0.0035" asserts="0" success="True" result="Success" executed="True" />
              <test-case description="Should have content" name="Integration tests for Get-DssConfig.Should have content" time="0.0089" asserts="0" success="True" result="Success" executed="True" />
            </results>
          </test-suite>
        </results>
      </test-suite>
    </results>
  </test-suite>
</test-results>