<?xml version="1.0" encoding="utf-8" standalone="no"?>
<test-results xmlns:xsi="http://www.w3.org/2001/XMLSchema-instance" xsi:noNamespaceSchemaLocation="nunit_schema_2.5.xsd" name="Pester" total="4" errors="0" failures="0" not-run="0" inconclusive="0" ignored="0" skipped="0" invalid="0" date="2020-04-04" time="20:56:16">
  <environment cwd="/Users/com3mooresm/github/dbaSecurityScan" os-version="18.7.0" clr-version="Unknown" user="com3mooresm" machine-name="CGELAP-MAC08" user-domain="" nunit-version="2.5.8.0" platform="Darwin" />
  <culture-info current-culture="en-GB" current-uiculture="en-GB" />
  <test-suite type="TestFixture" name="Pester" executed="True" result="Success" success="True" time="5.0712" asserts="0" description="Pester">
    <results>
      <test-suite type="TestFixture" name="/Users/com3mooresm/github/dbaSecurityScan/Tests/New-DssSchemaConfig.Tests.ps1" executed="True" result="Success" success="True" time="5.0712" asserts="0" description="/Users/com3mooresm/github/dbaSecurityScan/Tests/New-DssSchemaConfig.Tests.ps1">
        <results>
          <test-suite type="TestFixture" name="Unit tests for New-DssSchemaConfig" executed="True" result="Success" success="True" time="0.0505" asserts="0" description="Unit tests for New-DssSchemaConfig">
            <results>
              <test-case description="New-DssSchemaConfig Should Exist" name="Unit tests for New-DssSchemaConfig.New-DssSchemaConfig Should Exist" time="0.0072" asserts="0" success="True" result="Success" executed="True" />
            </results>
          </test-suite>
          <test-suite type="TestFixture" name="Integration Tests for New-DssSchemaConfig" executed="True" result="Success" success="True" time="5.0046" asserts="0" description="Integration Tests for New-DssSchemaConfig">
            <results>
              <test-case description="see $.object exists" name="Integration Tests for New-DssSchemaConfig.see $.object exists" time="0.0102" asserts="0" success="True" result="Success" executed="True" />
              <test-case description="see $.object exists" name="Integration Tests for New-DssSchemaConfig.see $.object exists" time="0.0032" asserts="0" success="True" result="Success" executed="True" />
              <test-case description="Should Test db properly" name="Integration Tests for New-DssSchemaConfig.Should Test db properly" time="4.1475" asserts="0" success="True" result="Success" executed="True" />
            </results>
          </test-suite>
        </results>
      </test-suite>
    </results>
  </test-suite>
</test-results>